<?xml version="1.0" encoding="UTF-8"?>
<coverage generated="1669150526034" clover="3.2.0">
  <project timestamp="1669150526034" name="All files">
    <metrics statements="267" coveredstatements="264" conditionals="51" coveredconditionals="47" methods="47" coveredmethods="47" elements="365" coveredelements="358" complexity="0" loc="267" ncloc="267" packages="9" files="32" classes="32"/>
    <package name="src">
      <metrics statements="22" coveredstatements="22" conditionals="0" coveredconditionals="0" methods="2" coveredmethods="2"/>
      <file name="app.ts" path="/Users/jmeriyah/udemy/microservices/tickets/orders/src/app.ts">
        <metrics statements="22" coveredstatements="22" conditionals="0" coveredconditionals="0" methods="2" coveredmethods="2"/>
        <line num="1" count="4" type="stmt"/>
        <line num="2" count="4" type="stmt"/>
        <line num="4" count="4" type="stmt"/>
        <line num="6" count="4" type="stmt"/>
        <line num="8" count="4" type="stmt"/>
        <line num="9" count="4" type="stmt"/>
        <line num="10" count="4" type="stmt"/>
        <line num="11" count="4" type="stmt"/>
        <line num="13" count="4" type="stmt"/>
        <line num="19" count="4" type="stmt"/>
        <line num="22" count="4" type="stmt"/>
        <line num="24" count="4" type="stmt"/>
        <line num="26" count="4" type="stmt"/>
        <line num="31" count="4" type="stmt"/>
        <line num="33" count="4" type="stmt"/>
        <line num="34" count="4" type="stmt"/>
        <line num="35" count="4" type="stmt"/>
        <line num="36" count="4" type="stmt"/>
        <line num="38" count="4" type="stmt"/>
        <line num="39" count="1" type="stmt"/>
        <line num="42" count="4" type="stmt"/>
        <line num="44" count="4" type="stmt"/>
      </file>
    </package>
    <package name="src.actions.orders">
      <metrics statements="47" coveredstatements="46" conditionals="8" coveredconditionals="7" methods="6" coveredmethods="6"/>
      <file name="cancel-order.ts" path="/Users/jmeriyah/udemy/microservices/tickets/orders/src/actions/orders/cancel-order.ts">
        <metrics statements="7" coveredstatements="7" conditionals="1" coveredconditionals="1" methods="1" coveredmethods="1"/>
        <line num="1" count="5" type="stmt"/>
        <line num="2" count="5" type="stmt"/>
        <line num="3" count="5" type="stmt"/>
        <line num="5" count="5" type="stmt"/>
        <line num="6" count="3" type="cond" truecount="1" falsecount="0"/>
        <line num="11" count="6" type="stmt"/>
        <line num="19" count="3" type="stmt"/>
      </file>
      <file name="complete-order.ts" path="/Users/jmeriyah/udemy/microservices/tickets/orders/src/actions/orders/complete-order.ts">
        <metrics statements="7" coveredstatements="7" conditionals="1" coveredconditionals="1" methods="1" coveredmethods="1"/>
        <line num="1" count="1" type="stmt"/>
        <line num="2" count="1" type="stmt"/>
        <line num="3" count="1" type="stmt"/>
        <line num="5" count="1" type="stmt"/>
        <line num="6" count="4" type="cond" truecount="1" falsecount="0"/>
        <line num="11" count="6" type="stmt"/>
        <line num="13" count="3" type="stmt"/>
      </file>
      <file name="create-order.ts" path="/Users/jmeriyah/udemy/microservices/tickets/orders/src/actions/orders/create-order.ts">
        <metrics statements="17" coveredstatements="17" conditionals="2" coveredconditionals="2" methods="1" coveredmethods="1"/>
        <line num="1" count="4" type="stmt"/>
        <line num="2" count="4" type="stmt"/>
        <line num="3" count="4" type="stmt"/>
        <line num="4" count="4" type="stmt"/>
        <line num="7" count="4" type="stmt"/>
        <line num="9" count="4" type="stmt"/>
        <line num="10" count="7" type="stmt"/>
        <line num="11" count="7" type="stmt"/>
        <line num="16" count="7" type="cond" truecount="1" falsecount="0"/>
        <line num="19" count="6" type="stmt"/>
        <line num="21" count="6" type="cond" truecount="1" falsecount="0"/>
        <line num="22" count="1" type="stmt"/>
        <line num="27" count="5" type="stmt"/>
        <line num="29" count="5" type="stmt"/>
        <line num="31" count="5" type="stmt"/>
        <line num="33" count="10" type="stmt"/>
        <line num="45" count="5" type="stmt"/>
      </file>
      <file name="get-order.ts" path="/Users/jmeriyah/udemy/microservices/tickets/orders/src/actions/orders/get-order.ts">
        <metrics statements="3" coveredstatements="3" conditionals="0" coveredconditionals="0" methods="1" coveredmethods="1"/>
        <line num="1" count="6" type="stmt"/>
        <line num="3" count="6" type="stmt"/>
        <line num="4" count="14" type="stmt"/>
      </file>
      <file name="get-orders.ts" path="/Users/jmeriyah/udemy/microservices/tickets/orders/src/actions/orders/get-orders.ts">
        <metrics statements="3" coveredstatements="3" conditionals="0" coveredconditionals="0" methods="1" coveredmethods="1"/>
        <line num="1" count="4" type="stmt"/>
        <line num="3" count="4" type="stmt"/>
        <line num="4" count="1" type="stmt"/>
      </file>
      <file name="handle-order-expired.ts" path="/Users/jmeriyah/udemy/microservices/tickets/orders/src/actions/orders/handle-order-expired.ts">
        <metrics statements="10" coveredstatements="9" conditionals="4" coveredconditionals="3" methods="1" coveredmethods="1"/>
        <line num="1" count="1" type="stmt"/>
        <line num="2" count="1" type="stmt"/>
        <line num="3" count="1" type="stmt"/>
        <line num="5" count="1" type="stmt"/>
        <line num="6" count="5" type="cond" truecount="2" falsecount="0"/>
        <line num="8" count="4" type="cond" truecount="0" falsecount="1"/>
        <line num="9" count="0" type="stmt"/>
        <line num="12" count="6" type="cond" truecount="1" falsecount="0"/>
        <line num="13" count="4" type="stmt"/>
        <line num="15" count="4" type="stmt"/>
      </file>
    </package>
    <package name="src.actions.tickets">
      <metrics statements="9" coveredstatements="9" conditionals="0" coveredconditionals="0" methods="3" coveredmethods="3"/>
      <file name="create-ticket.ts" path="/Users/jmeriyah/udemy/microservices/tickets/orders/src/actions/tickets/create-ticket.ts">
        <metrics statements="3" coveredstatements="3" conditionals="0" coveredconditionals="0" methods="1" coveredmethods="1"/>
        <line num="1" count="1" type="stmt"/>
        <line num="4" count="1" type="stmt"/>
        <line num="5" count="2" type="stmt"/>
      </file>
      <file name="get-ticket.ts" path="/Users/jmeriyah/udemy/microservices/tickets/orders/src/actions/tickets/get-ticket.ts">
        <metrics statements="3" coveredstatements="3" conditionals="0" coveredconditionals="0" methods="1" coveredmethods="1"/>
        <line num="1" count="4" type="stmt"/>
        <line num="3" count="4" type="stmt"/>
        <line num="4" count="7" type="stmt"/>
      </file>
      <file name="update-ticket.ts" path="/Users/jmeriyah/udemy/microservices/tickets/orders/src/actions/tickets/update-ticket.ts">
        <metrics statements="3" coveredstatements="3" conditionals="0" coveredconditionals="0" methods="1" coveredmethods="1"/>
        <line num="1" count="1" type="stmt"/>
        <line num="4" count="1" type="stmt"/>
        <line num="5" count="4" type="stmt"/>
      </file>
    </package>
    <package name="src.db.db-actions.orders">
      <metrics statements="28" coveredstatements="27" conditionals="6" coveredconditionals="5" methods="4" coveredmethods="4"/>
      <file name="create-order-in-db.ts" path="/Users/jmeriyah/udemy/microservices/tickets/orders/src/db/db-actions/orders/create-order-in-db.ts">
        <metrics statements="9" coveredstatements="8" conditionals="2" coveredconditionals="1" methods="1" coveredmethods="1"/>
        <line num="1" count="4" type="stmt"/>
        <line num="2" count="4" type="stmt"/>
        <line num="4" count="5" type="stmt"/>
        <line num="7" count="5" type="cond" truecount="1" falsecount="0"/>
        <line num="9" count="5" type="cond" truecount="0" falsecount="1"/>
        <line num="10" count="0" type="stmt"/>
        <line num="14" count="5" type="stmt"/>
        <line num="22" count="10" type="stmt"/>
        <line num="24" count="5" type="stmt"/>
      </file>
      <file name="get-order-from-db.ts" path="/Users/jmeriyah/udemy/microservices/tickets/orders/src/db/db-actions/orders/get-order-from-db.ts">
        <metrics statements="7" coveredstatements="7" conditionals="2" coveredconditionals="2" methods="1" coveredmethods="1"/>
        <line num="1" count="6" type="stmt"/>
        <line num="2" count="6" type="stmt"/>
        <line num="4" count="6" type="stmt"/>
        <line num="5" count="21" type="cond" truecount="1" falsecount="0"/>
        <line num="7" count="21" type="cond" truecount="1" falsecount="0"/>
        <line num="8" count="6" type="stmt"/>
        <line num="11" count="15" type="stmt"/>
      </file>
      <file name="get-orders-from-db.ts" path="/Users/jmeriyah/udemy/microservices/tickets/orders/src/db/db-actions/orders/get-orders-from-db.ts">
        <metrics statements="4" coveredstatements="4" conditionals="1" coveredconditionals="1" methods="1" coveredmethods="1"/>
        <line num="1" count="4" type="stmt"/>
        <line num="7" count="4" type="stmt"/>
        <line num="8" count="1" type="cond" truecount="1" falsecount="0"/>
        <line num="11" count="1" type="stmt"/>
      </file>
      <file name="update-order-in-db.ts" path="/Users/jmeriyah/udemy/microservices/tickets/orders/src/db/db-actions/orders/update-order-in-db.ts">
        <metrics statements="8" coveredstatements="8" conditionals="1" coveredconditionals="1" methods="1" coveredmethods="1"/>
        <line num="1" count="6" type="stmt"/>
        <line num="3" count="6" type="stmt"/>
        <line num="4" count="7" type="stmt"/>
        <line num="5" count="7" type="stmt"/>
        <line num="10" count="7" type="cond" truecount="1" falsecount="0"/>
        <line num="12" count="6" type="stmt"/>
        <line num="14" count="12" type="stmt"/>
        <line num="16" count="6" type="stmt"/>
      </file>
    </package>
    <package name="src.db.db-actions.tickets">
      <metrics statements="22" coveredstatements="22" conditionals="4" coveredconditionals="4" methods="3" coveredmethods="3"/>
      <file name="create-ticket-in-db.ts" path="/Users/jmeriyah/udemy/microservices/tickets/orders/src/db/db-actions/tickets/create-ticket-in-db.ts">
        <metrics statements="6" coveredstatements="6" conditionals="0" coveredconditionals="0" methods="1" coveredmethods="1"/>
        <line num="2" count="1" type="stmt"/>
        <line num="4" count="1" type="stmt"/>
        <line num="6" count="2" type="stmt"/>
        <line num="8" count="2" type="stmt"/>
        <line num="11" count="4" type="stmt"/>
        <line num="12" count="2" type="stmt"/>
      </file>
      <file name="get-ticket-from-db.ts" path="/Users/jmeriyah/udemy/microservices/tickets/orders/src/db/db-actions/tickets/get-ticket-from-db.ts">
        <metrics statements="7" coveredstatements="7" conditionals="2" coveredconditionals="2" methods="1" coveredmethods="1"/>
        <line num="1" count="4" type="stmt"/>
        <line num="2" count="4" type="stmt"/>
        <line num="4" count="4" type="stmt"/>
        <line num="6" count="7" type="cond" truecount="1" falsecount="0"/>
        <line num="8" count="7" type="cond" truecount="1" falsecount="0"/>
        <line num="9" count="1" type="stmt"/>
        <line num="11" count="6" type="stmt"/>
      </file>
      <file name="update-ticket-in-db.ts" path="/Users/jmeriyah/udemy/microservices/tickets/orders/src/db/db-actions/tickets/update-ticket-in-db.ts">
        <metrics statements="9" coveredstatements="9" conditionals="2" coveredconditionals="2" methods="1" coveredmethods="1"/>
        <line num="1" count="1" type="stmt"/>
        <line num="3" count="1" type="stmt"/>
        <line num="5" count="4" type="cond" truecount="1" falsecount="0"/>
        <line num="7" count="4" type="cond" truecount="1" falsecount="0"/>
        <line num="8" count="2" type="stmt"/>
        <line num="10" count="2" type="stmt"/>
        <line num="11" count="2" type="stmt"/>
        <line num="12" count="4" type="stmt"/>
        <line num="13" count="2" type="stmt"/>
      </file>
    </package>
    <package name="src.db.models">
      <metrics statements="33" coveredstatements="33" conditionals="1" coveredconditionals="1" methods="7" coveredmethods="7"/>
      <file name="index.ts" path="/Users/jmeriyah/udemy/microservices/tickets/orders/src/db/models/index.ts">
        <metrics statements="2" coveredstatements="2" conditionals="0" coveredconditionals="0" methods="0" coveredmethods="0"/>
        <line num="1" count="8" type="stmt"/>
        <line num="2" count="8" type="stmt"/>
      </file>
      <file name="order.ts" path="/Users/jmeriyah/udemy/microservices/tickets/orders/src/db/models/order.ts">
        <metrics statements="13" coveredstatements="13" conditionals="0" coveredconditionals="0" methods="3" coveredmethods="3"/>
        <line num="1" count="8" type="stmt"/>
        <line num="5" count="8" type="stmt"/>
        <line num="7" count="8" type="stmt"/>
        <line num="9" count="30" type="stmt"/>
        <line num="30" count="8" type="stmt"/>
        <line num="52" count="9" type="stmt"/>
        <line num="53" count="9" type="stmt"/>
        <line num="58" count="8" type="stmt"/>
        <line num="60" count="8" type="stmt"/>
        <line num="62" count="8" type="stmt"/>
        <line num="63" count="18" type="stmt"/>
        <line num="66" count="8" type="stmt"/>
        <line num="68" count="8" type="stmt"/>
      </file>
      <file name="ticket.ts" path="/Users/jmeriyah/udemy/microservices/tickets/orders/src/db/models/ticket.ts">
        <metrics statements="18" coveredstatements="18" conditionals="1" coveredconditionals="1" methods="4" coveredmethods="4"/>
        <line num="1" count="8" type="stmt"/>
        <line num="3" count="8" type="stmt"/>
        <line num="5" count="8" type="stmt"/>
        <line num="34" count="8" type="stmt"/>
        <line num="47" count="9" type="stmt"/>
        <line num="48" count="9" type="stmt"/>
        <line num="53" count="8" type="stmt"/>
        <line num="54" count="8" type="stmt"/>
        <line num="56" count="8" type="stmt"/>
        <line num="57" count="24" type="stmt"/>
        <line num="62" count="24" type="stmt"/>
        <line num="63" count="24" type="stmt"/>
        <line num="66" count="8" type="stmt"/>
        <line num="67" count="4" type="stmt"/>
        <line num="73" count="8" type="stmt"/>
        <line num="80" count="6" type="cond" truecount="1" falsecount="0"/>
        <line num="91" count="6" type="stmt"/>
        <line num="94" count="8" type="stmt"/>
      </file>
    </package>
    <package name="src.event-bus.listeners">
      <metrics statements="42" coveredstatements="42" conditionals="15" coveredconditionals="15" methods="8" coveredmethods="8"/>
      <file name="expiration-complete-listener.ts" path="/Users/jmeriyah/udemy/microservices/tickets/orders/src/event-bus/listeners/expiration-complete-listener.ts">
        <metrics statements="11" coveredstatements="11" conditionals="3" coveredconditionals="3" methods="2" coveredmethods="2"/>
        <line num="1" count="1" type="stmt"/>
        <line num="5" count="1" type="stmt"/>
        <line num="6" count="1" type="stmt"/>
        <line num="8" count="5" type="cond" truecount="3" falsecount="0"/>
        <line num="9" count="5" type="stmt"/>
        <line num="11" count="5" type="stmt"/>
        <line num="13" count="1" type="stmt"/>
        <line num="14" count="5" type="stmt"/>
        <line num="16" count="10" type="stmt"/>
        <line num="18" count="4" type="stmt"/>
        <line num="21" count="1" type="stmt"/>
      </file>
      <file name="payment-created-listener.ts" path="/Users/jmeriyah/udemy/microservices/tickets/orders/src/event-bus/listeners/payment-created-listener.ts">
        <metrics statements="10" coveredstatements="10" conditionals="4" coveredconditionals="4" methods="2" coveredmethods="2"/>
        <line num="1" count="1" type="stmt"/>
        <line num="7" count="1" type="stmt"/>
        <line num="8" count="1" type="stmt"/>
        <line num="10" count="4" type="cond" truecount="3" falsecount="0"/>
        <line num="11" count="4" type="stmt"/>
        <line num="13" count="4" type="stmt"/>
        <line num="15" count="1" type="stmt"/>
        <line num="19" count="8" type="cond" truecount="1" falsecount="0"/>
        <line num="20" count="3" type="stmt"/>
        <line num="22" count="1" type="stmt"/>
      </file>
      <file name="queue-group-name.ts" path="/Users/jmeriyah/udemy/microservices/tickets/orders/src/event-bus/listeners/queue-group-name.ts">
        <metrics statements="1" coveredstatements="1" conditionals="0" coveredconditionals="0" methods="0" coveredmethods="0"/>
        <line num="1" count="4" type="stmt"/>
      </file>
      <file name="ticket-created-listener.ts" path="/Users/jmeriyah/udemy/microservices/tickets/orders/src/event-bus/listeners/ticket-created-listener.ts">
        <metrics statements="10" coveredstatements="10" conditionals="4" coveredconditionals="4" methods="2" coveredmethods="2"/>
        <line num="2" count="1" type="stmt"/>
        <line num="4" count="1" type="stmt"/>
        <line num="5" count="1" type="stmt"/>
        <line num="7" count="2" type="cond" truecount="3" falsecount="0"/>
        <line num="8" count="2" type="stmt"/>
        <line num="10" count="2" type="stmt"/>
        <line num="12" count="1" type="stmt"/>
        <line num="13" count="4" type="cond" truecount="1" falsecount="0"/>
        <line num="14" count="2" type="stmt"/>
        <line num="16" count="1" type="stmt"/>
      </file>
      <file name="ticket-updated-listener.ts" path="/Users/jmeriyah/udemy/microservices/tickets/orders/src/event-bus/listeners/ticket-updated-listener.ts">
        <metrics statements="10" coveredstatements="10" conditionals="4" coveredconditionals="4" methods="2" coveredmethods="2"/>
        <line num="2" count="1" type="stmt"/>
        <line num="4" count="1" type="stmt"/>
        <line num="5" count="1" type="stmt"/>
        <line num="7" count="4" type="cond" truecount="3" falsecount="0"/>
        <line num="8" count="4" type="stmt"/>
        <line num="10" count="4" type="stmt"/>
        <line num="12" count="1" type="stmt"/>
        <line num="13" count="8" type="cond" truecount="1" falsecount="0"/>
        <line num="15" count="2" type="stmt"/>
        <line num="17" count="1" type="stmt"/>
      </file>
    </package>
    <package name="src.event-bus.publishers">
      <metrics statements="22" coveredstatements="22" conditionals="9" coveredconditionals="9" methods="6" coveredmethods="6"/>
      <file name="order-cancelled-publisher.ts" path="/Users/jmeriyah/udemy/microservices/tickets/orders/src/event-bus/publishers/order-cancelled-publisher.ts">
        <metrics statements="8" coveredstatements="8" conditionals="3" coveredconditionals="3" methods="2" coveredmethods="2"/>
        <line num="1" count="5" type="stmt"/>
        <line num="2" count="5" type="stmt"/>
        <line num="4" count="5" type="cond" truecount="3" falsecount="0"/>
        <line num="5" count="3" type="stmt"/>
        <line num="6" count="5" type="stmt"/>
        <line num="16" count="5" type="stmt"/>
        <line num="17" count="3" type="stmt"/>
        <line num="20" count="3" type="stmt"/>
      </file>
      <file name="order-completed-publisher.ts" path="/Users/jmeriyah/udemy/microservices/tickets/orders/src/event-bus/publishers/order-completed-publisher.ts">
        <metrics statements="7" coveredstatements="7" conditionals="3" coveredconditionals="3" methods="2" coveredmethods="2"/>
        <line num="1" count="1" type="stmt"/>
        <line num="6" count="1" type="stmt"/>
        <line num="8" count="3" type="cond" truecount="3" falsecount="0"/>
        <line num="9" count="3" type="stmt"/>
        <line num="10" count="1" type="stmt"/>
        <line num="12" count="1" type="stmt"/>
        <line num="13" count="3" type="stmt"/>
      </file>
      <file name="order-created-publisher.ts" path="/Users/jmeriyah/udemy/microservices/tickets/orders/src/event-bus/publishers/order-created-publisher.ts">
        <metrics statements="7" coveredstatements="7" conditionals="3" coveredconditionals="3" methods="2" coveredmethods="2"/>
        <line num="1" count="4" type="stmt"/>
        <line num="2" count="4" type="stmt"/>
        <line num="4" count="5" type="cond" truecount="3" falsecount="0"/>
        <line num="5" count="5" type="stmt"/>
        <line num="6" count="4" type="stmt"/>
        <line num="20" count="4" type="stmt"/>
        <line num="22" count="5" type="stmt"/>
      </file>
    </package>
    <package name="src.routes">
      <metrics statements="42" coveredstatements="41" conditionals="8" coveredconditionals="6" methods="8" coveredmethods="8"/>
      <file name="cancel-order.ts" path="/Users/jmeriyah/udemy/microservices/tickets/orders/src/routes/cancel-order.ts">
        <metrics statements="15" coveredstatements="14" conditionals="6" coveredconditionals="4" methods="2" coveredmethods="2"/>
        <line num="1" count="4" type="stmt"/>
        <line num="3" count="4" type="stmt"/>
        <line num="8" count="4" type="stmt"/>
        <line num="9" count="4" type="stmt"/>
        <line num="11" count="4" type="stmt"/>
        <line num="13" count="4" type="stmt"/>
        <line num="16" count="4" type="stmt"/>
        <line num="17" count="4" type="stmt"/>
        <line num="18" count="4" type="stmt"/>
        <line num="20" count="2" type="cond" truecount="0" falsecount="1"/>
        <line num="21" count="0" type="stmt"/>
        <line num="24" count="2" type="cond" truecount="4" falsecount="1"/>
        <line num="25" count="1" type="stmt"/>
        <line num="28" count="1" type="stmt"/>
        <line num="29" count="1" type="stmt"/>
      </file>
      <file name="create-order.ts" path="/Users/jmeriyah/udemy/microservices/tickets/orders/src/routes/create-order.ts">
        <metrics statements="10" coveredstatements="10" conditionals="0" coveredconditionals="0" methods="2" coveredmethods="2"/>
        <line num="1" count="4" type="stmt"/>
        <line num="2" count="4" type="stmt"/>
        <line num="6" count="4" type="stmt"/>
        <line num="10" count="4" type="stmt"/>
        <line num="12" count="4" type="stmt"/>
        <line num="14" count="4" type="stmt"/>
        <line num="19" count="7" type="stmt"/>
        <line num="21" count="7" type="stmt"/>
        <line num="23" count="7" type="stmt"/>
        <line num="25" count="5" type="stmt"/>
      </file>
      <file name="get-order.ts" path="/Users/jmeriyah/udemy/microservices/tickets/orders/src/routes/get-order.ts">
        <metrics statements="10" coveredstatements="10" conditionals="1" coveredconditionals="1" methods="2" coveredmethods="2"/>
        <line num="1" count="4" type="stmt"/>
        <line num="3" count="4" type="stmt"/>
        <line num="9" count="4" type="stmt"/>
        <line num="11" count="4" type="stmt"/>
        <line num="13" count="4" type="stmt"/>
        <line num="14" count="4" type="stmt"/>
        <line num="16" count="4" type="stmt"/>
        <line num="18" count="2" type="cond" truecount="1" falsecount="0"/>
        <line num="19" count="1" type="stmt"/>
        <line num="22" count="1" type="stmt"/>
      </file>
      <file name="get-orders.ts" path="/Users/jmeriyah/udemy/microservices/tickets/orders/src/routes/get-orders.ts">
        <metrics statements="7" coveredstatements="7" conditionals="1" coveredconditionals="1" methods="2" coveredmethods="2"/>
        <line num="1" count="4" type="stmt"/>
        <line num="3" count="4" type="stmt"/>
        <line num="6" count="4" type="stmt"/>
        <line num="8" count="4" type="stmt"/>
        <line num="10" count="4" type="stmt"/>
        <line num="11" count="1" type="cond" truecount="1" falsecount="0"/>
        <line num="13" count="1" type="stmt"/>
      </file>
    </package>
  </project>
</coverage>
