{"/Users/jmeriyah/udemy/microservices/tickets/orders/src/app.ts": {"path":"/Users/jmeriyah/udemy/microservices/tickets/orders/src/app.ts","statementMap":{"0":{"start":{"line":1,"column":0},"end":{"line":1,"column":30}},"1":{"start":{"line":2,"column":0},"end":{"line":2,"column":30}},"2":{"start":{"line":4,"column":0},"end":{"line":4,"column":43}},"3":{"start":{"line":6,"column":0},"end":{"line":6,"column":35}},"4":{"start":{"line":8,"column":0},"end":{"line":8,"column":58}},"5":{"start":{"line":9,"column":0},"end":{"line":9,"column":52}},"6":{"start":{"line":10,"column":0},"end":{"line":10,"column":54}},"7":{"start":{"line":11,"column":0},"end":{"line":11,"column":58}},"8":{"start":{"line":13,"column":0},"end":{"line":13,"column":null}},"9":{"start":{"line":19,"column":12},"end":{"line":19,"column":21}},"10":{"start":{"line":44,"column":9},"end":{"line":44,"column":12}},"11":{"start":{"line":22,"column":0},"end":{"line":22,"column":29}},"12":{"start":{"line":24,"column":0},"end":{"line":24,"column":16}},"13":{"start":{"line":26,"column":0},"end":{"line":28,"column":2}},"14":{"start":{"line":31,"column":0},"end":{"line":31,"column":21}},"15":{"start":{"line":33,"column":0},"end":{"line":33,"column":39}},"16":{"start":{"line":34,"column":0},"end":{"line":34,"column":40}},"17":{"start":{"line":35,"column":0},"end":{"line":35,"column":42}},"18":{"start":{"line":36,"column":0},"end":{"line":36,"column":42}},"19":{"start":{"line":38,"column":0},"end":{"line":40,"column":3}},"20":{"start":{"line":38,"column":34},"end":{"line":40,"column":2}},"21":{"start":{"line":39,"column":2},"end":{"line":39,"column":28}},"22":{"start":{"line":42,"column":0},"end":{"line":42,"column":22}}},"fnMap":{"0":{"name":"(anonymous_14)","decl":{"start":{"line":38,"column":13},"end":{"line":38,"column":20}},"loc":{"start":{"line":38,"column":34},"end":{"line":40,"column":2}}},"1":{"name":"(anonymous_15)","decl":{"start":{"line":38,"column":34},"end":{"line":38,"column":null}},"loc":{"start":{"line":38,"column":34},"end":{"line":40,"column":2}}}},"branchMap":{},"s":{"0":4,"1":4,"2":4,"3":4,"4":4,"5":4,"6":4,"7":4,"8":4,"9":4,"10":4,"11":4,"12":4,"13":4,"14":4,"15":4,"16":4,"17":4,"18":4,"19":4,"20":1,"21":1,"22":4},"f":{"0":1,"1":1},"b":{}}
,"/Users/jmeriyah/udemy/microservices/tickets/orders/src/actions/orders/cancel-order.ts": {"path":"/Users/jmeriyah/udemy/microservices/tickets/orders/src/actions/orders/cancel-order.ts","statementMap":{"0":{"start":{"line":1,"column":0},"end":{"line":1,"column":69}},"1":{"start":{"line":2,"column":0},"end":{"line":2,"column":80}},"2":{"start":{"line":3,"column":0},"end":{"line":3,"column":93}},"3":{"start":{"line":6,"column":25},"end":{"line":9,"column":null}},"4":{"start":{"line":6,"column":8},"end":{"line":9,"column":null}},"5":{"start":{"line":11,"column":2},"end":{"line":17,"column":5}},"6":{"start":{"line":19,"column":2},"end":{"line":19,"column":24}},"7":{"start":{"line":5,"column":0},"end":{"line":5,"column":22}}},"fnMap":{"0":{"name":"cancelOrder","decl":{"start":{"line":5,"column":22},"end":{"line":5,"column":33}},"loc":{"start":{"line":5,"column":49},"end":{"line":20,"column":null}}}},"branchMap":{"0":{"loc":{"start":{"line":6,"column":25},"end":{"line":9,"column":null}},"type":"switch","locations":[{"start":{"line":6,"column":25},"end":{"line":9,"column":null}}]}},"s":{"0":5,"1":5,"2":5,"3":3,"4":3,"5":6,"6":3,"7":5},"f":{"0":3},"b":{"0":[3]}}
,"/Users/jmeriyah/udemy/microservices/tickets/orders/src/actions/orders/complete-order.ts": {"path":"/Users/jmeriyah/udemy/microservices/tickets/orders/src/actions/orders/complete-order.ts","statementMap":{"0":{"start":{"line":1,"column":0},"end":{"line":1,"column":69}},"1":{"start":{"line":2,"column":0},"end":{"line":2,"column":80}},"2":{"start":{"line":3,"column":0},"end":{"line":3,"column":93}},"3":{"start":{"line":6,"column":25},"end":{"line":9,"column":null}},"4":{"start":{"line":6,"column":8},"end":{"line":9,"column":null}},"5":{"start":{"line":11,"column":2},"end":{"line":11,"column":47}},"6":{"start":{"line":13,"column":2},"end":{"line":13,"column":24}},"7":{"start":{"line":5,"column":0},"end":{"line":5,"column":22}}},"fnMap":{"0":{"name":"completeOrder","decl":{"start":{"line":5,"column":22},"end":{"line":5,"column":35}},"loc":{"start":{"line":5,"column":51},"end":{"line":14,"column":null}}}},"branchMap":{"0":{"loc":{"start":{"line":6,"column":25},"end":{"line":9,"column":null}},"type":"switch","locations":[{"start":{"line":6,"column":25},"end":{"line":9,"column":null}}]}},"s":{"0":1,"1":1,"2":1,"3":4,"4":4,"5":6,"6":3,"7":1},"f":{"0":4},"b":{"0":[4]}}
,"/Users/jmeriyah/udemy/microservices/tickets/orders/src/actions/orders/create-order.ts": {"path":"/Users/jmeriyah/udemy/microservices/tickets/orders/src/actions/orders/create-order.ts","statementMap":{"0":{"start":{"line":1,"column":0},"end":{"line":1,"column":73}},"1":{"start":{"line":2,"column":0},"end":{"line":2,"column":80}},"2":{"start":{"line":3,"column":0},"end":{"line":3,"column":89}},"3":{"start":{"line":4,"column":0},"end":{"line":4,"column":50}},"4":{"start":{"line":7,"column":34},"end":{"line":7,"column":40}},"5":{"start":{"line":10,"column":10},"end":{"line":10,"column":null}},"6":{"start":{"line":11,"column":8},"end":{"line":11,"column":null}},"7":{"start":{"line":16,"column":17},"end":{"line":16,"column":null}},"8":{"start":{"line":16,"column":8},"end":{"line":16,"column":null}},"9":{"start":{"line":19,"column":21},"end":{"line":19,"column":null}},"10":{"start":{"line":19,"column":8},"end":{"line":19,"column":null}},"11":{"start":{"line":21,"column":2},"end":{"line":23,"column":null}},"12":{"start":{"line":22,"column":4},"end":{"line":22,"column":61}},"13":{"start":{"line":27,"column":8},"end":{"line":27,"column":31}},"14":{"start":{"line":29,"column":2},"end":{"line":29,"column":75}},"15":{"start":{"line":31,"column":16},"end":{"line":31,"column":null}},"16":{"start":{"line":31,"column":8},"end":{"line":31,"column":null}},"17":{"start":{"line":33,"column":2},"end":{"line":43,"column":5}},"18":{"start":{"line":45,"column":2},"end":{"line":45,"column":15}},"19":{"start":{"line":9,"column":0},"end":{"line":9,"column":22}}},"fnMap":{"0":{"name":"createOrder","decl":{"start":{"line":9,"column":22},"end":{"line":9,"column":33}},"loc":{"start":{"line":15,"column":1},"end":{"line":46,"column":null}}}},"branchMap":{"0":{"loc":{"start":{"line":16,"column":17},"end":{"line":16,"column":null}},"type":"switch","locations":[{"start":{"line":16,"column":17},"end":{"line":16,"column":null}}]},"1":{"loc":{"start":{"line":21,"column":2},"end":{"line":23,"column":null}},"type":"if","locations":[{"start":{"line":21,"column":2},"end":{"line":23,"column":null}}]}},"s":{"0":4,"1":4,"2":4,"3":4,"4":4,"5":7,"6":7,"7":7,"8":7,"9":6,"10":6,"11":6,"12":1,"13":5,"14":5,"15":5,"16":5,"17":10,"18":5,"19":4},"f":{"0":7},"b":{"0":[7],"1":[1]}}
,"/Users/jmeriyah/udemy/microservices/tickets/orders/src/actions/orders/get-order.ts": {"path":"/Users/jmeriyah/udemy/microservices/tickets/orders/src/actions/orders/get-order.ts","statementMap":{"0":{"start":{"line":1,"column":0},"end":{"line":1,"column":78}},"1":{"start":{"line":4,"column":4},"end":{"line":4,"column":null}},"2":{"start":{"line":3,"column":0},"end":{"line":3,"column":16}}},"fnMap":{"0":{"name":"getOrder","decl":{"start":{"line":3,"column":16},"end":{"line":3,"column":24}},"loc":{"start":{"line":3,"column":40},"end":{"line":5,"column":1}}}},"branchMap":{},"s":{"0":6,"1":14,"2":6},"f":{"0":14},"b":{}}
,"/Users/jmeriyah/udemy/microservices/tickets/orders/src/actions/orders/get-orders.ts": {"path":"/Users/jmeriyah/udemy/microservices/tickets/orders/src/actions/orders/get-orders.ts","statementMap":{"0":{"start":{"line":1,"column":0},"end":{"line":1,"column":93}},"1":{"start":{"line":4,"column":4},"end":{"line":4,"column":null}},"2":{"start":{"line":3,"column":0},"end":{"line":3,"column":16}}},"fnMap":{"0":{"name":"getOrders","decl":{"start":{"line":3,"column":16},"end":{"line":3,"column":25}},"loc":{"start":{"line":3,"column":50},"end":{"line":5,"column":1}}}},"branchMap":{},"s":{"0":4,"1":1,"2":4},"f":{"0":1},"b":{}}
,"/Users/jmeriyah/udemy/microservices/tickets/orders/src/actions/orders/handle-order-expired.ts": {"path":"/Users/jmeriyah/udemy/microservices/tickets/orders/src/actions/orders/handle-order-expired.ts","statementMap":{"0":{"start":{"line":1,"column":0},"end":{"line":1,"column":83}},"1":{"start":{"line":2,"column":0},"end":{"line":2,"column":44}},"2":{"start":{"line":3,"column":0},"end":{"line":3,"column":38}},"3":{"start":{"line":6,"column":18},"end":{"line":6,"column":null}},"4":{"start":{"line":6,"column":10},"end":{"line":6,"column":null}},"5":{"start":{"line":8,"column":4},"end":{"line":10,"column":null}},"6":{"start":{"line":9,"column":8},"end":{"line":9,"column":null}},"7":{"start":{"line":12,"column":8},"end":{"line":12,"column":9}},"8":{"start":{"line":13,"column":8},"end":{"line":13,"column":null}},"9":{"start":{"line":15,"column":4},"end":{"line":15,"column":null}},"10":{"start":{"line":5,"column":0},"end":{"line":5,"column":22}}},"fnMap":{"0":{"name":"handleOrderExpired","decl":{"start":{"line":5,"column":22},"end":{"line":5,"column":40}},"loc":{"start":{"line":5,"column":56},"end":{"line":16,"column":null}}}},"branchMap":{"0":{"loc":{"start":{"line":6,"column":18},"end":{"line":6,"column":null}},"type":"switch","locations":[{"start":{"line":6,"column":18},"end":{"line":6,"column":null}},{"start":{"line":15,"column":4},"end":{"line":15,"column":null}}]},"1":{"loc":{"start":{"line":8,"column":4},"end":{"line":10,"column":null}},"type":"if","locations":[{"start":{"line":8,"column":4},"end":{"line":10,"column":null}}]},"2":{"loc":{"start":{"line":12,"column":8},"end":{"line":12,"column":9}},"type":"if","locations":[{"start":{"line":12,"column":8},"end":{"line":12,"column":9}}]}},"s":{"0":1,"1":1,"2":1,"3":5,"4":5,"5":4,"6":0,"7":6,"8":4,"9":4,"10":1},"f":{"0":5},"b":{"0":[5,4],"1":[0],"2":[2]}}
,"/Users/jmeriyah/udemy/microservices/tickets/orders/src/actions/tickets/create-ticket.ts": {"path":"/Users/jmeriyah/udemy/microservices/tickets/orders/src/actions/tickets/create-ticket.ts","statementMap":{"0":{"start":{"line":1,"column":0},"end":{"line":1,"column":83}},"1":{"start":{"line":5,"column":4},"end":{"line":5,"column":null}},"2":{"start":{"line":4,"column":0},"end":{"line":4,"column":22}}},"fnMap":{"0":{"name":"createTicket","decl":{"start":{"line":4,"column":22},"end":{"line":4,"column":34}},"loc":{"start":{"line":4,"column":59},"end":{"line":6,"column":null}}}},"branchMap":{},"s":{"0":1,"1":2,"2":1},"f":{"0":2},"b":{}}
,"/Users/jmeriyah/udemy/microservices/tickets/orders/src/actions/tickets/get-ticket.ts": {"path":"/Users/jmeriyah/udemy/microservices/tickets/orders/src/actions/tickets/get-ticket.ts","statementMap":{"0":{"start":{"line":1,"column":0},"end":{"line":1,"column":81}},"1":{"start":{"line":4,"column":4},"end":{"line":4,"column":null}},"2":{"start":{"line":3,"column":0},"end":{"line":3,"column":16}}},"fnMap":{"0":{"name":"getTicket","decl":{"start":{"line":3,"column":16},"end":{"line":3,"column":25}},"loc":{"start":{"line":3,"column":42},"end":{"line":5,"column":1}}}},"branchMap":{},"s":{"0":4,"1":7,"2":4},"f":{"0":7},"b":{}}
,"/Users/jmeriyah/udemy/microservices/tickets/orders/src/actions/tickets/update-ticket.ts": {"path":"/Users/jmeriyah/udemy/microservices/tickets/orders/src/actions/tickets/update-ticket.ts","statementMap":{"0":{"start":{"line":1,"column":0},"end":{"line":1,"column":83}},"1":{"start":{"line":5,"column":4},"end":{"line":5,"column":null}},"2":{"start":{"line":4,"column":0},"end":{"line":4,"column":22}}},"fnMap":{"0":{"name":"updateTicket","decl":{"start":{"line":4,"column":22},"end":{"line":4,"column":34}},"loc":{"start":{"line":4,"column":59},"end":{"line":6,"column":null}}}},"branchMap":{},"s":{"0":1,"1":4,"2":1},"f":{"0":4},"b":{}}
,"/Users/jmeriyah/udemy/microservices/tickets/orders/src/db/db-actions/orders/create-order-in-db.ts": {"path":"/Users/jmeriyah/udemy/microservices/tickets/orders/src/db/db-actions/orders/create-order-in-db.ts","statementMap":{"0":{"start":{"line":1,"column":0},"end":{"line":1,"column":84}},"1":{"start":{"line":2,"column":0},"end":{"line":2,"column":45}},"2":{"start":{"line":4,"column":45},"end":{"line":4,"column":47}},"3":{"start":{"line":4,"column":56},"end":{"line":4,"column":58}},"4":{"start":{"line":4,"column":66},"end":{"line":4,"column":null}},"5":{"start":{"line":7,"column":19},"end":{"line":7,"column":null}},"6":{"start":{"line":7,"column":10},"end":{"line":7,"column":null}},"7":{"start":{"line":9,"column":4},"end":{"line":11,"column":null}},"8":{"start":{"line":10,"column":8},"end":{"line":10,"column":null}},"9":{"start":{"line":14,"column":10},"end":{"line":20,"column":7}},"10":{"start":{"line":22,"column":4},"end":{"line":22,"column":23}},"11":{"start":{"line":24,"column":4},"end":{"line":24,"column":null}},"12":{"start":{"line":4,"column":0},"end":{"line":4,"column":22}}},"fnMap":{"0":{"name":"createOrderInDb","decl":{"start":{"line":4,"column":22},"end":{"line":4,"column":37}},"loc":{"start":{"line":5,"column":55},"end":{"line":26,"column":null}}}},"branchMap":{"0":{"loc":{"start":{"line":7,"column":19},"end":{"line":7,"column":null}},"type":"switch","locations":[{"start":{"line":7,"column":19},"end":{"line":7,"column":null}}]},"1":{"loc":{"start":{"line":9,"column":4},"end":{"line":11,"column":null}},"type":"if","locations":[{"start":{"line":9,"column":4},"end":{"line":11,"column":null}}]}},"s":{"0":4,"1":4,"2":5,"3":5,"4":5,"5":5,"6":5,"7":5,"8":0,"9":5,"10":10,"11":5,"12":4},"f":{"0":5},"b":{"0":[5],"1":[0]}}
,"/Users/jmeriyah/udemy/microservices/tickets/orders/src/db/db-actions/orders/get-order-from-db.ts": {"path":"/Users/jmeriyah/udemy/microservices/tickets/orders/src/db/db-actions/orders/get-order-from-db.ts","statementMap":{"0":{"start":{"line":1,"column":0},"end":{"line":1,"column":71}},"1":{"start":{"line":2,"column":0},"end":{"line":2,"column":37}},"2":{"start":{"line":5,"column":16},"end":{"line":5,"column":null}},"3":{"start":{"line":5,"column":8},"end":{"line":5,"column":null}},"4":{"start":{"line":7,"column":2},"end":{"line":9,"column":null}},"5":{"start":{"line":8,"column":4},"end":{"line":8,"column":30}},"6":{"start":{"line":11,"column":2},"end":{"line":11,"column":null}},"7":{"start":{"line":4,"column":0},"end":{"line":4,"column":22}}},"fnMap":{"0":{"name":"getOrderFromDb","decl":{"start":{"line":4,"column":22},"end":{"line":4,"column":36}},"loc":{"start":{"line":4,"column":47},"end":{"line":13,"column":null}}}},"branchMap":{"0":{"loc":{"start":{"line":5,"column":16},"end":{"line":5,"column":null}},"type":"switch","locations":[{"start":{"line":5,"column":16},"end":{"line":5,"column":null}}]},"1":{"loc":{"start":{"line":7,"column":2},"end":{"line":9,"column":null}},"type":"if","locations":[{"start":{"line":7,"column":2},"end":{"line":9,"column":null}}]}},"s":{"0":6,"1":6,"2":21,"3":21,"4":21,"5":6,"6":15,"7":6},"f":{"0":21},"b":{"0":[21],"1":[6]}}
,"/Users/jmeriyah/udemy/microservices/tickets/orders/src/db/db-actions/orders/get-orders-from-db.ts": {"path":"/Users/jmeriyah/udemy/microservices/tickets/orders/src/db/db-actions/orders/get-orders-from-db.ts","statementMap":{"0":{"start":{"line":1,"column":0},"end":{"line":1,"column":37}},"1":{"start":{"line":8,"column":19},"end":{"line":10,"column":null}},"2":{"start":{"line":8,"column":10},"end":{"line":10,"column":null}},"3":{"start":{"line":11,"column":4},"end":{"line":11,"column":null}},"4":{"start":{"line":7,"column":0},"end":{"line":7,"column":22}}},"fnMap":{"0":{"name":"getOrdersFromDb","decl":{"start":{"line":7,"column":22},"end":{"line":7,"column":37}},"loc":{"start":{"line":7,"column":62},"end":{"line":12,"column":null}}}},"branchMap":{"0":{"loc":{"start":{"line":8,"column":19},"end":{"line":10,"column":null}},"type":"switch","locations":[{"start":{"line":8,"column":19},"end":{"line":10,"column":null}}]}},"s":{"0":4,"1":1,"2":1,"3":1,"4":4},"f":{"0":1},"b":{"0":[1]}}
,"/Users/jmeriyah/udemy/microservices/tickets/orders/src/db/db-actions/orders/update-order-in-db.ts": {"path":"/Users/jmeriyah/udemy/microservices/tickets/orders/src/db/db-actions/orders/update-order-in-db.ts","statementMap":{"0":{"start":{"line":1,"column":0},"end":{"line":1,"column":53}},"1":{"start":{"line":4,"column":4},"end":{"line":4,"column":null}},"2":{"start":{"line":5,"column":8},"end":{"line":5,"column":null}},"3":{"start":{"line":10,"column":16},"end":{"line":10,"column":null}},"4":{"start":{"line":10,"column":8},"end":{"line":10,"column":null}},"5":{"start":{"line":12,"column":2},"end":{"line":12,"column":24}},"6":{"start":{"line":14,"column":2},"end":{"line":14,"column":21}},"7":{"start":{"line":16,"column":2},"end":{"line":16,"column":15}},"8":{"start":{"line":3,"column":0},"end":{"line":3,"column":22}}},"fnMap":{"0":{"name":"updateOrderInDb","decl":{"start":{"line":3,"column":22},"end":{"line":3,"column":37}},"loc":{"start":{"line":9,"column":1},"end":{"line":17,"column":null}}}},"branchMap":{"0":{"loc":{"start":{"line":10,"column":16},"end":{"line":10,"column":null}},"type":"switch","locations":[{"start":{"line":10,"column":16},"end":{"line":10,"column":null}}]}},"s":{"0":6,"1":7,"2":7,"3":7,"4":7,"5":6,"6":12,"7":6,"8":6},"f":{"0":7},"b":{"0":[7]}}
,"/Users/jmeriyah/udemy/microservices/tickets/orders/src/db/db-actions/tickets/create-ticket-in-db.ts": {"path":"/Users/jmeriyah/udemy/microservices/tickets/orders/src/db/db-actions/tickets/create-ticket-in-db.ts","statementMap":{"0":{"start":{"line":2,"column":0},"end":{"line":2,"column":50}},"1":{"start":{"line":6,"column":8},"end":{"line":6,"column":null}},"2":{"start":{"line":8,"column":10},"end":{"line":10,"column":null}},"3":{"start":{"line":11,"column":4},"end":{"line":11,"column":null}},"4":{"start":{"line":12,"column":4},"end":{"line":12,"column":null}},"5":{"start":{"line":4,"column":0},"end":{"line":4,"column":22}}},"fnMap":{"0":{"name":"createTicketInDb","decl":{"start":{"line":4,"column":22},"end":{"line":4,"column":38}},"loc":{"start":{"line":4,"column":63},"end":{"line":13,"column":null}}}},"branchMap":{},"s":{"0":1,"1":2,"2":2,"3":4,"4":2,"5":1},"f":{"0":2},"b":{}}
,"/Users/jmeriyah/udemy/microservices/tickets/orders/src/db/db-actions/tickets/get-ticket-from-db.ts": {"path":"/Users/jmeriyah/udemy/microservices/tickets/orders/src/db/db-actions/tickets/get-ticket-from-db.ts","statementMap":{"0":{"start":{"line":1,"column":0},"end":{"line":1,"column":71}},"1":{"start":{"line":2,"column":0},"end":{"line":2,"column":38}},"2":{"start":{"line":6,"column":19},"end":{"line":6,"column":null}},"3":{"start":{"line":6,"column":10},"end":{"line":6,"column":null}},"4":{"start":{"line":8,"column":4},"end":{"line":10,"column":null}},"5":{"start":{"line":9,"column":6},"end":{"line":9,"column":32}},"6":{"start":{"line":11,"column":4},"end":{"line":11,"column":null}},"7":{"start":{"line":4,"column":0},"end":{"line":4,"column":22}}},"fnMap":{"0":{"name":"getTicketFromDb","decl":{"start":{"line":4,"column":22},"end":{"line":4,"column":37}},"loc":{"start":{"line":4,"column":54},"end":{"line":12,"column":null}}}},"branchMap":{"0":{"loc":{"start":{"line":6,"column":19},"end":{"line":6,"column":null}},"type":"switch","locations":[{"start":{"line":6,"column":19},"end":{"line":6,"column":null}}]},"1":{"loc":{"start":{"line":8,"column":4},"end":{"line":10,"column":null}},"type":"if","locations":[{"start":{"line":8,"column":4},"end":{"line":10,"column":null}}]}},"s":{"0":4,"1":4,"2":7,"3":7,"4":7,"5":1,"6":6,"7":4},"f":{"0":7},"b":{"0":[7],"1":[1]}}
,"/Users/jmeriyah/udemy/microservices/tickets/orders/src/db/db-actions/tickets/update-ticket-in-db.ts": {"path":"/Users/jmeriyah/udemy/microservices/tickets/orders/src/db/db-actions/tickets/update-ticket-in-db.ts","statementMap":{"0":{"start":{"line":1,"column":0},"end":{"line":1,"column":50}},"1":{"start":{"line":5,"column":20},"end":{"line":5,"column":null}},"2":{"start":{"line":5,"column":11},"end":{"line":5,"column":null}},"3":{"start":{"line":7,"column":5},"end":{"line":9,"column":null}},"4":{"start":{"line":8,"column":9},"end":{"line":8,"column":null}},"5":{"start":{"line":10,"column":12},"end":{"line":10,"column":28}},"6":{"start":{"line":11,"column":5},"end":{"line":11,"column":null}},"7":{"start":{"line":12,"column":5},"end":{"line":12,"column":null}},"8":{"start":{"line":13,"column":5},"end":{"line":13,"column":null}},"9":{"start":{"line":3,"column":0},"end":{"line":3,"column":22}}},"fnMap":{"0":{"name":"updateTicketInDb","decl":{"start":{"line":3,"column":22},"end":{"line":3,"column":38}},"loc":{"start":{"line":3,"column":63},"end":{"line":14,"column":null}}}},"branchMap":{"0":{"loc":{"start":{"line":5,"column":20},"end":{"line":5,"column":null}},"type":"switch","locations":[{"start":{"line":5,"column":20},"end":{"line":5,"column":null}}]},"1":{"loc":{"start":{"line":7,"column":5},"end":{"line":9,"column":null}},"type":"if","locations":[{"start":{"line":7,"column":5},"end":{"line":9,"column":null}}]}},"s":{"0":1,"1":4,"2":4,"3":4,"4":2,"5":2,"6":2,"7":4,"8":2,"9":1},"f":{"0":4},"b":{"0":[4],"1":[2]}}
,"/Users/jmeriyah/udemy/microservices/tickets/orders/src/db/models/index.ts": {"path":"/Users/jmeriyah/udemy/microservices/tickets/orders/src/db/models/index.ts","statementMap":{"0":{"start":{"line":1,"column":0},"end":{"line":1,"column":24}},"1":{"start":{"line":2,"column":0},"end":{"line":2,"column":23}}},"fnMap":{},"branchMap":{},"s":{"0":8,"1":8},"f":{},"b":{}}
,"/Users/jmeriyah/udemy/microservices/tickets/orders/src/db/models/order.ts": {"path":"/Users/jmeriyah/udemy/microservices/tickets/orders/src/db/models/order.ts","statementMap":{"0":{"start":{"line":1,"column":0},"end":{"line":1,"column":31}},"1":{"start":{"line":5,"column":0},"end":{"line":5,"column":9}},"2":{"start":{"line":9,"column":9},"end":{"line":5,"column":68}},"3":{"start":{"line":7,"column":0},"end":{"line":7,"column":67}},"4":{"start":{"line":30,"column":20},"end":{"line":56,"column":2}},"5":{"start":{"line":52,"column":12},"end":{"line":52,"column":null}},"6":{"start":{"line":53,"column":12},"end":{"line":53,"column":null}},"7":{"start":{"line":58,"column":0},"end":{"line":58,"column":null}},"8":{"start":{"line":60,"column":0},"end":{"line":60,"column":null}},"9":{"start":{"line":62,"column":0},"end":{"line":64,"column":null}},"10":{"start":{"line":63,"column":4},"end":{"line":63,"column":null}},"11":{"start":{"line":66,"column":14},"end":{"line":66,"column":72}},"12":{"start":{"line":68,"column":9},"end":{"line":68,"column":14}}},"fnMap":{"0":{"name":"(anonymous_1)","decl":{"start":{"line":9,"column":9},"end":{"line":9,"column":20}},"loc":{"start":{"line":9,"column":9},"end":{"line":5,"column":68}}},"1":{"name":"(anonymous_2)","decl":{"start":{"line":51,"column":17},"end":{"line":51,"column":18}},"loc":{"start":{"line":51,"column":26},"end":{"line":54,"column":9}}},"2":{"name":"(anonymous_3)","decl":{"start":{"line":62,"column":28},"end":{"line":62,"column":29}},"loc":{"start":{"line":62,"column":46},"end":{"line":64,"column":1}}}},"branchMap":{},"s":{"0":8,"1":8,"2":30,"3":8,"4":8,"5":9,"6":9,"7":8,"8":8,"9":8,"10":18,"11":8,"12":8},"f":{"0":22,"1":9,"2":18},"b":{}}
,"/Users/jmeriyah/udemy/microservices/tickets/orders/src/db/models/ticket.ts": {"path":"/Users/jmeriyah/udemy/microservices/tickets/orders/src/db/models/ticket.ts","statementMap":{"0":{"start":{"line":1,"column":0},"end":{"line":1,"column":31}},"1":{"start":{"line":3,"column":0},"end":{"line":3,"column":44}},"2":{"start":{"line":5,"column":0},"end":{"line":5,"column":66}},"3":{"start":{"line":34,"column":21},"end":{"line":51,"column":2}},"4":{"start":{"line":47,"column":12},"end":{"line":47,"column":null}},"5":{"start":{"line":48,"column":12},"end":{"line":48,"column":null}},"6":{"start":{"line":53,"column":0},"end":{"line":53,"column":null}},"7":{"start":{"line":54,"column":0},"end":{"line":54,"column":null}},"8":{"start":{"line":56,"column":0},"end":{"line":64,"column":null}},"9":{"start":{"line":57,"column":27},"end":{"line":59,"column":null}},"10":{"start":{"line":62,"column":4},"end":{"line":62,"column":null}},"11":{"start":{"line":63,"column":4},"end":{"line":63,"column":null}},"12":{"start":{"line":66,"column":0},"end":{"line":71,"column":null}},"13":{"start":{"line":66,"column":39},"end":{"line":66,"column":41}},"14":{"start":{"line":66,"column":48},"end":{"line":66,"column":80}},"15":{"start":{"line":67,"column":2},"end":{"line":70,"column":null}},"16":{"start":{"line":73,"column":0},"end":{"line":92,"column":null}},"17":{"start":{"line":80,"column":26},"end":{"line":89,"column":null}},"18":{"start":{"line":80,"column":10},"end":{"line":89,"column":null}},"19":{"start":{"line":91,"column":6},"end":{"line":91,"column":null}},"20":{"start":{"line":94,"column":13},"end":{"line":94,"column":null}}},"fnMap":{"0":{"name":"(anonymous_16)","decl":{"start":{"line":46,"column":17},"end":{"line":46,"column":18}},"loc":{"start":{"line":46,"column":26},"end":{"line":49,"column":9}}},"1":{"name":"(anonymous_17)","decl":{"start":{"line":56,"column":29},"end":{"line":56,"column":30}},"loc":{"start":{"line":56,"column":48},"end":{"line":64,"column":1}}},"2":{"name":"(anonymous_18)","decl":{"start":{"line":66,"column":35},"end":{"line":66,"column":36}},"loc":{"start":{"line":66,"column":80},"end":{"line":71,"column":1}}},"3":{"name":"(anonymous_19)","decl":{"start":{"line":73,"column":34},"end":{"line":73,"column":null}},"loc":{"start":{"line":73,"column":34},"end":{"line":92,"column":null}}}},"branchMap":{"0":{"loc":{"start":{"line":80,"column":26},"end":{"line":89,"column":null}},"type":"switch","locations":[{"start":{"line":80,"column":26},"end":{"line":89,"column":null}}]}},"s":{"0":8,"1":8,"2":8,"3":8,"4":9,"5":9,"6":8,"7":8,"8":8,"9":24,"10":24,"11":24,"12":8,"13":4,"14":4,"15":4,"16":8,"17":6,"18":6,"19":6,"20":8},"f":{"0":9,"1":24,"2":4,"3":6},"b":{"0":[6]}}
,"/Users/jmeriyah/udemy/microservices/tickets/orders/src/event-bus/listeners/expiration-complete-listener.ts": {"path":"/Users/jmeriyah/udemy/microservices/tickets/orders/src/event-bus/listeners/expiration-complete-listener.ts","statementMap":{"0":{"start":{"line":1,"column":0},"end":{"line":1,"column":129}},"1":{"start":{"line":5,"column":0},"end":{"line":5,"column":79}},"2":{"start":{"line":6,"column":0},"end":{"line":6,"column":54}},"3":{"start":{"line":8,"column":0},"end":{"line":8,"column":81}},"4":{"start":{"line":8,"column":48},"end":{"line":8,"column":56}},"5":{"start":{"line":8,"column":0},"end":{"line":8,"column":13}},"6":{"start":{"line":9,"column":13},"end":{"line":9,"column":null}},"7":{"start":{"line":11,"column":4},"end":{"line":11,"column":null}},"8":{"start":{"line":13,"column":10},"end":{"line":20,"column":null}},"9":{"start":{"line":14,"column":16},"end":{"line":14,"column":28}},"10":{"start":{"line":16,"column":8},"end":{"line":16,"column":null}},"11":{"start":{"line":18,"column":8},"end":{"line":18,"column":null}},"12":{"start":{"line":21,"column":0},"end":{"line":21,"column":null}},"13":{"start":{"line":8,"column":13},"end":{"line":8,"column":39}}},"fnMap":{"0":{"name":"(anonymous_19)","decl":{"start":{"line":8,"column":0},"end":{"line":8,"column":13}},"loc":{"start":{"line":8,"column":0},"end":{"line":21,"column":null}}},"1":{"name":"(anonymous_21)","decl":{"start":{"line":13,"column":4},"end":{"line":13,"column":10}},"loc":{"start":{"line":13,"column":75},"end":{"line":20,"column":null}}}},"branchMap":{"0":{"loc":{"start":{"line":8,"column":0},"end":{"line":8,"column":13}},"type":"binary-expr","locations":[{"start":{"line":8,"column":0},"end":{"line":8,"column":13}},{"start":{"line":8,"column":0},"end":{"line":8,"column":13}},{"start":{"line":8,"column":0},"end":{"line":8,"column":13}}]}},"s":{"0":1,"1":1,"2":1,"3":1,"4":1,"5":5,"6":5,"7":5,"8":1,"9":5,"10":10,"11":4,"12":1,"13":1},"f":{"0":6,"1":5},"b":{"0":[5,5,5]}}
,"/Users/jmeriyah/udemy/microservices/tickets/orders/src/event-bus/listeners/payment-created-listener.ts": {"path":"/Users/jmeriyah/udemy/microservices/tickets/orders/src/event-bus/listeners/payment-created-listener.ts","statementMap":{"0":{"start":{"line":1,"column":0},"end":{"line":1,"column":null}},"1":{"start":{"line":7,"column":0},"end":{"line":7,"column":68}},"2":{"start":{"line":8,"column":0},"end":{"line":8,"column":54}},"3":{"start":{"line":10,"column":0},"end":{"line":10,"column":73}},"4":{"start":{"line":10,"column":44},"end":{"line":10,"column":52}},"5":{"start":{"line":10,"column":0},"end":{"line":10,"column":13}},"6":{"start":{"line":11,"column":11},"end":{"line":11,"column":70}},"7":{"start":{"line":13,"column":2},"end":{"line":13,"column":44}},"8":{"start":{"line":15,"column":8},"end":{"line":21,"column":null}},"9":{"start":{"line":19,"column":4},"end":{"line":19,"column":38}},"10":{"start":{"line":20,"column":4},"end":{"line":20,"column":18}},"11":{"start":{"line":22,"column":0},"end":{"line":22,"column":null}},"12":{"start":{"line":10,"column":13},"end":{"line":10,"column":35}}},"fnMap":{"0":{"name":"(anonymous_19)","decl":{"start":{"line":10,"column":0},"end":{"line":10,"column":13}},"loc":{"start":{"line":10,"column":0},"end":{"line":22,"column":null}}},"1":{"name":"(anonymous_21)","decl":{"start":{"line":15,"column":2},"end":{"line":15,"column":8}},"loc":{"start":{"line":17,"column":20},"end":{"line":21,"column":null}}}},"branchMap":{"0":{"loc":{"start":{"line":10,"column":0},"end":{"line":10,"column":13}},"type":"binary-expr","locations":[{"start":{"line":10,"column":0},"end":{"line":10,"column":13}},{"start":{"line":10,"column":0},"end":{"line":10,"column":13}},{"start":{"line":10,"column":0},"end":{"line":10,"column":13}}]},"1":{"loc":{"start":{"line":19,"column":4},"end":{"line":19,"column":38}},"type":"switch","locations":[{"start":{"line":19,"column":4},"end":{"line":19,"column":38}}]}},"s":{"0":1,"1":1,"2":1,"3":1,"4":1,"5":4,"6":4,"7":4,"8":1,"9":8,"10":3,"11":1,"12":1},"f":{"0":5,"1":4},"b":{"0":[4,4,4],"1":[4]}}
,"/Users/jmeriyah/udemy/microservices/tickets/orders/src/event-bus/listeners/queue-group-name.ts": {"path":"/Users/jmeriyah/udemy/microservices/tickets/orders/src/event-bus/listeners/queue-group-name.ts","statementMap":{"0":{"start":{"line":1,"column":13},"end":{"line":1,"column":null}}},"fnMap":{},"branchMap":{},"s":{"0":4},"f":{},"b":{}}
,"/Users/jmeriyah/udemy/microservices/tickets/orders/src/event-bus/listeners/ticket-created-listener.ts": {"path":"/Users/jmeriyah/udemy/microservices/tickets/orders/src/event-bus/listeners/ticket-created-listener.ts","statementMap":{"0":{"start":{"line":2,"column":0},"end":{"line":2,"column":95}},"1":{"start":{"line":4,"column":0},"end":{"line":4,"column":53}},"2":{"start":{"line":5,"column":0},"end":{"line":5,"column":66}},"3":{"start":{"line":7,"column":0},"end":{"line":7,"column":71}},"4":{"start":{"line":7,"column":43},"end":{"line":7,"column":51}},"5":{"start":{"line":7,"column":0},"end":{"line":7,"column":13}},"6":{"start":{"line":8,"column":13},"end":{"line":8,"column":null}},"7":{"start":{"line":10,"column":4},"end":{"line":10,"column":null}},"8":{"start":{"line":12,"column":10},"end":{"line":15,"column":null}},"9":{"start":{"line":13,"column":8},"end":{"line":13,"column":null}},"10":{"start":{"line":14,"column":8},"end":{"line":14,"column":null}},"11":{"start":{"line":16,"column":0},"end":{"line":16,"column":null}},"12":{"start":{"line":7,"column":13},"end":{"line":7,"column":34}}},"fnMap":{"0":{"name":"(anonymous_19)","decl":{"start":{"line":7,"column":0},"end":{"line":7,"column":13}},"loc":{"start":{"line":7,"column":0},"end":{"line":16,"column":null}}},"1":{"name":"(anonymous_21)","decl":{"start":{"line":12,"column":4},"end":{"line":12,"column":10}},"loc":{"start":{"line":12,"column":69},"end":{"line":15,"column":null}}}},"branchMap":{"0":{"loc":{"start":{"line":7,"column":0},"end":{"line":7,"column":13}},"type":"binary-expr","locations":[{"start":{"line":7,"column":0},"end":{"line":7,"column":13}},{"start":{"line":7,"column":0},"end":{"line":7,"column":13}},{"start":{"line":7,"column":0},"end":{"line":7,"column":13}}]},"1":{"loc":{"start":{"line":13,"column":8},"end":{"line":13,"column":null}},"type":"switch","locations":[{"start":{"line":13,"column":8},"end":{"line":13,"column":null}}]}},"s":{"0":1,"1":1,"2":1,"3":1,"4":1,"5":2,"6":2,"7":2,"8":1,"9":4,"10":2,"11":1,"12":1},"f":{"0":3,"1":2},"b":{"0":[2,2,2],"1":[2]}}
,"/Users/jmeriyah/udemy/microservices/tickets/orders/src/event-bus/listeners/ticket-updated-listener.ts": {"path":"/Users/jmeriyah/udemy/microservices/tickets/orders/src/event-bus/listeners/ticket-updated-listener.ts","statementMap":{"0":{"start":{"line":2,"column":0},"end":{"line":2,"column":95}},"1":{"start":{"line":4,"column":0},"end":{"line":4,"column":53}},"2":{"start":{"line":5,"column":0},"end":{"line":5,"column":66}},"3":{"start":{"line":7,"column":0},"end":{"line":7,"column":71}},"4":{"start":{"line":7,"column":43},"end":{"line":7,"column":51}},"5":{"start":{"line":7,"column":0},"end":{"line":7,"column":13}},"6":{"start":{"line":8,"column":13},"end":{"line":8,"column":null}},"7":{"start":{"line":10,"column":4},"end":{"line":10,"column":null}},"8":{"start":{"line":12,"column":10},"end":{"line":16,"column":null}},"9":{"start":{"line":13,"column":8},"end":{"line":13,"column":null}},"10":{"start":{"line":15,"column":8},"end":{"line":15,"column":null}},"11":{"start":{"line":17,"column":0},"end":{"line":17,"column":null}},"12":{"start":{"line":7,"column":13},"end":{"line":7,"column":34}}},"fnMap":{"0":{"name":"(anonymous_19)","decl":{"start":{"line":7,"column":0},"end":{"line":7,"column":13}},"loc":{"start":{"line":7,"column":0},"end":{"line":17,"column":null}}},"1":{"name":"(anonymous_21)","decl":{"start":{"line":12,"column":4},"end":{"line":12,"column":10}},"loc":{"start":{"line":12,"column":70},"end":{"line":16,"column":null}}}},"branchMap":{"0":{"loc":{"start":{"line":7,"column":0},"end":{"line":7,"column":13}},"type":"binary-expr","locations":[{"start":{"line":7,"column":0},"end":{"line":7,"column":13}},{"start":{"line":7,"column":0},"end":{"line":7,"column":13}},{"start":{"line":7,"column":0},"end":{"line":7,"column":13}}]},"1":{"loc":{"start":{"line":13,"column":8},"end":{"line":13,"column":null}},"type":"switch","locations":[{"start":{"line":13,"column":8},"end":{"line":13,"column":null}}]}},"s":{"0":1,"1":1,"2":1,"3":1,"4":1,"5":4,"6":4,"7":4,"8":1,"9":8,"10":2,"11":1,"12":1},"f":{"0":5,"1":4},"b":{"0":[4,4,4],"1":[4]}}
,"/Users/jmeriyah/udemy/microservices/tickets/orders/src/event-bus/publishers/order-cancelled-publisher.ts": {"path":"/Users/jmeriyah/udemy/microservices/tickets/orders/src/event-bus/publishers/order-cancelled-publisher.ts","statementMap":{"0":{"start":{"line":1,"column":0},"end":{"line":1,"column":98}},"1":{"start":{"line":2,"column":0},"end":{"line":2,"column":44}},"2":{"start":{"line":4,"column":0},"end":{"line":4,"column":75}},"3":{"start":{"line":4,"column":45},"end":{"line":4,"column":54}},"4":{"start":{"line":4,"column":0},"end":{"line":4,"column":13}},"5":{"start":{"line":5,"column":13},"end":{"line":5,"column":null}},"6":{"start":{"line":6,"column":0},"end":{"line":6,"column":null}},"7":{"start":{"line":4,"column":13},"end":{"line":4,"column":36}},"8":{"start":{"line":17,"column":4},"end":{"line":17,"column":null}},"9":{"start":{"line":20,"column":4},"end":{"line":20,"column":null}},"10":{"start":{"line":16,"column":0},"end":{"line":16,"column":16}}},"fnMap":{"0":{"name":"(anonymous_6)","decl":{"start":{"line":4,"column":0},"end":{"line":4,"column":13}},"loc":{"start":{"line":4,"column":0},"end":{"line":6,"column":null}}},"1":{"name":"publishOrderCancelled","decl":{"start":{"line":16,"column":16},"end":{"line":16,"column":37}},"loc":{"start":{"line":16,"column":82},"end":{"line":22,"column":1}}}},"branchMap":{"0":{"loc":{"start":{"line":4,"column":0},"end":{"line":4,"column":13}},"type":"binary-expr","locations":[{"start":{"line":4,"column":0},"end":{"line":4,"column":13}},{"start":{"line":4,"column":0},"end":{"line":4,"column":13}},{"start":{"line":4,"column":0},"end":{"line":4,"column":13}}]}},"s":{"0":5,"1":5,"2":5,"3":5,"4":3,"5":3,"6":5,"7":5,"8":3,"9":3,"10":5},"f":{"0":8,"1":3},"b":{"0":[3,3,3]}}
,"/Users/jmeriyah/udemy/microservices/tickets/orders/src/event-bus/publishers/order-completed-publisher.ts": {"path":"/Users/jmeriyah/udemy/microservices/tickets/orders/src/event-bus/publishers/order-completed-publisher.ts","statementMap":{"0":{"start":{"line":1,"column":0},"end":{"line":1,"column":null}},"1":{"start":{"line":6,"column":0},"end":{"line":6,"column":44}},"2":{"start":{"line":8,"column":0},"end":{"line":8,"column":75}},"3":{"start":{"line":8,"column":45},"end":{"line":8,"column":54}},"4":{"start":{"line":8,"column":0},"end":{"line":8,"column":13}},"5":{"start":{"line":9,"column":11},"end":{"line":9,"column":45}},"6":{"start":{"line":10,"column":0},"end":{"line":10,"column":null}},"7":{"start":{"line":8,"column":13},"end":{"line":8,"column":36}},"8":{"start":{"line":12,"column":37},"end":{"line":14,"column":1}},"9":{"start":{"line":13,"column":2},"end":{"line":13,"column":70}},"10":{"start":{"line":12,"column":13},"end":{"line":12,"column":37}}},"fnMap":{"0":{"name":"(anonymous_6)","decl":{"start":{"line":8,"column":0},"end":{"line":8,"column":13}},"loc":{"start":{"line":8,"column":0},"end":{"line":10,"column":null}}},"1":{"name":"(anonymous_8)","decl":{"start":{"line":12,"column":37},"end":{"line":12,"column":38}},"loc":{"start":{"line":12,"column":58},"end":{"line":14,"column":1}}}},"branchMap":{"0":{"loc":{"start":{"line":8,"column":0},"end":{"line":8,"column":13}},"type":"binary-expr","locations":[{"start":{"line":8,"column":0},"end":{"line":8,"column":13}},{"start":{"line":8,"column":0},"end":{"line":8,"column":13}},{"start":{"line":8,"column":0},"end":{"line":8,"column":13}}]}},"s":{"0":1,"1":1,"2":1,"3":1,"4":3,"5":3,"6":1,"7":1,"8":1,"9":3,"10":1},"f":{"0":4,"1":3},"b":{"0":[3,3,3]}}
,"/Users/jmeriyah/udemy/microservices/tickets/orders/src/event-bus/publishers/order-created-publisher.ts": {"path":"/Users/jmeriyah/udemy/microservices/tickets/orders/src/event-bus/publishers/order-created-publisher.ts","statementMap":{"0":{"start":{"line":1,"column":0},"end":{"line":1,"column":109}},"1":{"start":{"line":2,"column":0},"end":{"line":2,"column":44}},"2":{"start":{"line":4,"column":0},"end":{"line":4,"column":71}},"3":{"start":{"line":4,"column":43},"end":{"line":4,"column":52}},"4":{"start":{"line":4,"column":0},"end":{"line":4,"column":13}},"5":{"start":{"line":5,"column":13},"end":{"line":5,"column":null}},"6":{"start":{"line":6,"column":0},"end":{"line":6,"column":null}},"7":{"start":{"line":4,"column":13},"end":{"line":4,"column":34}},"8":{"start":{"line":22,"column":4},"end":{"line":22,"column":null}},"9":{"start":{"line":20,"column":0},"end":{"line":20,"column":16}}},"fnMap":{"0":{"name":"(anonymous_6)","decl":{"start":{"line":4,"column":0},"end":{"line":4,"column":13}},"loc":{"start":{"line":4,"column":0},"end":{"line":6,"column":null}}},"1":{"name":"publishOrderCreated","decl":{"start":{"line":20,"column":16},"end":{"line":20,"column":35}},"loc":{"start":{"line":20,"column":78},"end":{"line":23,"column":1}}}},"branchMap":{"0":{"loc":{"start":{"line":4,"column":0},"end":{"line":4,"column":13}},"type":"binary-expr","locations":[{"start":{"line":4,"column":0},"end":{"line":4,"column":13}},{"start":{"line":4,"column":0},"end":{"line":4,"column":13}},{"start":{"line":4,"column":0},"end":{"line":4,"column":13}}]}},"s":{"0":4,"1":4,"2":4,"3":4,"4":5,"5":5,"6":4,"7":4,"8":5,"9":4},"f":{"0":9,"1":5},"b":{"0":[5,5,5]}}
,"/Users/jmeriyah/udemy/microservices/tickets/orders/src/routes/cancel-order.ts": {"path":"/Users/jmeriyah/udemy/microservices/tickets/orders/src/routes/cancel-order.ts","statementMap":{"0":{"start":{"line":1,"column":0},"end":{"line":1,"column":53}},"1":{"start":{"line":3,"column":0},"end":{"line":3,"column":null}},"2":{"start":{"line":8,"column":0},"end":{"line":8,"column":61}},"3":{"start":{"line":9,"column":0},"end":{"line":9,"column":55}},"4":{"start":{"line":11,"column":13},"end":{"line":11,"column":50}},"5":{"start":{"line":13,"column":0},"end":{"line":31,"column":2}},"6":{"start":{"line":16,"column":36},"end":{"line":30,"column":null}},"7":{"start":{"line":17,"column":12},"end":{"line":17,"column":19}},"8":{"start":{"line":18,"column":18},"end":{"line":18,"column":null}},"9":{"start":{"line":18,"column":10},"end":{"line":18,"column":null}},"10":{"start":{"line":20,"column":4},"end":{"line":22,"column":null}},"11":{"start":{"line":21,"column":6},"end":{"line":21,"column":32}},"12":{"start":{"line":24,"column":4},"end":{"line":26,"column":null}},"13":{"start":{"line":25,"column":6},"end":{"line":25,"column":36}},"14":{"start":{"line":28,"column":27},"end":{"line":28,"column":null}},"15":{"start":{"line":28,"column":10},"end":{"line":28,"column":null}},"16":{"start":{"line":29,"column":4},"end":{"line":29,"column":41}}},"fnMap":{"0":{"name":"(anonymous_14)","decl":{"start":{"line":16,"column":2},"end":{"line":16,"column":9}},"loc":{"start":{"line":16,"column":36},"end":{"line":30,"column":null}}},"1":{"name":"(anonymous_15)","decl":{"start":{"line":16,"column":36},"end":{"line":16,"column":null}},"loc":{"start":{"line":16,"column":36},"end":{"line":30,"column":null}}}},"branchMap":{"0":{"loc":{"start":{"line":20,"column":4},"end":{"line":22,"column":null}},"type":"if","locations":[{"start":{"line":20,"column":4},"end":{"line":22,"column":null}}]},"1":{"loc":{"start":{"line":24,"column":4},"end":{"line":26,"column":null}},"type":"if","locations":[{"start":{"line":24,"column":4},"end":{"line":26,"column":null}}]},"2":{"loc":{"start":{"line":24,"column":25},"end":{"line":24,"column":44}},"type":"cond-expr","locations":[{"start":{"line":24,"column":40},"end":{"line":24,"column":42}},{"start":{"line":24,"column":40},"end":{"line":24,"column":44}}]},"3":{"loc":{"start":{"line":24,"column":25},"end":{"line":24,"column":42}},"type":"binary-expr","locations":[{"start":{"line":24,"column":25},"end":{"line":24,"column":42}},{"start":{"line":24,"column":40},"end":{"line":24,"column":42}}]}},"s":{"0":4,"1":4,"2":4,"3":4,"4":4,"5":4,"6":4,"7":4,"8":4,"9":4,"10":2,"11":0,"12":2,"13":1,"14":1,"15":1,"16":1},"f":{"0":4,"1":4},"b":{"0":[0],"1":[1],"2":[0,2],"3":[2,2]}}
,"/Users/jmeriyah/udemy/microservices/tickets/orders/src/routes/create-order.ts": {"path":"/Users/jmeriyah/udemy/microservices/tickets/orders/src/routes/create-order.ts","statementMap":{"0":{"start":{"line":1,"column":0},"end":{"line":1,"column":53}},"1":{"start":{"line":2,"column":0},"end":{"line":2,"column":41}},"2":{"start":{"line":6,"column":0},"end":{"line":6,"column":null}},"3":{"start":{"line":10,"column":0},"end":{"line":10,"column":61}},"4":{"start":{"line":12,"column":13},"end":{"line":12,"column":50}},"5":{"start":{"line":14,"column":0},"end":{"line":27,"column":2}},"6":{"start":{"line":19,"column":36},"end":{"line":26,"column":null}},"7":{"start":{"line":21,"column":12},"end":{"line":21,"column":25}},"8":{"start":{"line":23,"column":18},"end":{"line":23,"column":null}},"9":{"start":{"line":23,"column":10},"end":{"line":23,"column":null}},"10":{"start":{"line":25,"column":4},"end":{"line":25,"column":32}}},"fnMap":{"0":{"name":"(anonymous_14)","decl":{"start":{"line":19,"column":2},"end":{"line":19,"column":9}},"loc":{"start":{"line":19,"column":36},"end":{"line":26,"column":null}}},"1":{"name":"(anonymous_15)","decl":{"start":{"line":19,"column":36},"end":{"line":19,"column":null}},"loc":{"start":{"line":19,"column":36},"end":{"line":26,"column":null}}}},"branchMap":{},"s":{"0":4,"1":4,"2":4,"3":4,"4":4,"5":4,"6":7,"7":7,"8":7,"9":7,"10":5},"f":{"0":7,"1":7},"b":{}}
,"/Users/jmeriyah/udemy/microservices/tickets/orders/src/routes/get-order.ts": {"path":"/Users/jmeriyah/udemy/microservices/tickets/orders/src/routes/get-order.ts","statementMap":{"0":{"start":{"line":1,"column":0},"end":{"line":1,"column":53}},"1":{"start":{"line":3,"column":0},"end":{"line":3,"column":null}},"2":{"start":{"line":9,"column":0},"end":{"line":9,"column":55}},"3":{"start":{"line":11,"column":13},"end":{"line":11,"column":47}},"4":{"start":{"line":13,"column":0},"end":{"line":23,"column":3}},"5":{"start":{"line":13,"column":74},"end":{"line":23,"column":2}},"6":{"start":{"line":14,"column":10},"end":{"line":14,"column":17}},"7":{"start":{"line":16,"column":16},"end":{"line":16,"column":null}},"8":{"start":{"line":16,"column":8},"end":{"line":16,"column":null}},"9":{"start":{"line":18,"column":2},"end":{"line":20,"column":null}},"10":{"start":{"line":19,"column":4},"end":{"line":19,"column":34}},"11":{"start":{"line":22,"column":2},"end":{"line":22,"column":30}}},"fnMap":{"0":{"name":"(anonymous_14)","decl":{"start":{"line":13,"column":40},"end":{"line":13,"column":47}},"loc":{"start":{"line":13,"column":74},"end":{"line":23,"column":2}}},"1":{"name":"(anonymous_15)","decl":{"start":{"line":13,"column":74},"end":{"line":13,"column":null}},"loc":{"start":{"line":13,"column":74},"end":{"line":23,"column":2}}}},"branchMap":{"0":{"loc":{"start":{"line":18,"column":2},"end":{"line":20,"column":null}},"type":"if","locations":[{"start":{"line":18,"column":2},"end":{"line":20,"column":null}}]}},"s":{"0":4,"1":4,"2":4,"3":4,"4":4,"5":4,"6":4,"7":4,"8":4,"9":2,"10":1,"11":1},"f":{"0":4,"1":4},"b":{"0":[1]}}
,"/Users/jmeriyah/udemy/microservices/tickets/orders/src/routes/get-orders.ts": {"path":"/Users/jmeriyah/udemy/microservices/tickets/orders/src/routes/get-orders.ts","statementMap":{"0":{"start":{"line":1,"column":0},"end":{"line":1,"column":53}},"1":{"start":{"line":3,"column":0},"end":{"line":3,"column":null}},"2":{"start":{"line":6,"column":0},"end":{"line":6,"column":57}},"3":{"start":{"line":8,"column":13},"end":{"line":8,"column":48}},"4":{"start":{"line":10,"column":0},"end":{"line":14,"column":3}},"5":{"start":{"line":10,"column":72},"end":{"line":14,"column":2}},"6":{"start":{"line":11,"column":17},"end":{"line":11,"column":null}},"7":{"start":{"line":11,"column":8},"end":{"line":11,"column":null}},"8":{"start":{"line":13,"column":2},"end":{"line":13,"column":31}}},"fnMap":{"0":{"name":"(anonymous_14)","decl":{"start":{"line":10,"column":38},"end":{"line":10,"column":45}},"loc":{"start":{"line":10,"column":72},"end":{"line":14,"column":2}}},"1":{"name":"(anonymous_15)","decl":{"start":{"line":10,"column":72},"end":{"line":10,"column":null}},"loc":{"start":{"line":10,"column":72},"end":{"line":14,"column":2}}}},"branchMap":{"0":{"loc":{"start":{"line":11,"column":17},"end":{"line":11,"column":null}},"type":"switch","locations":[{"start":{"line":11,"column":17},"end":{"line":11,"column":null}}]}},"s":{"0":4,"1":4,"2":4,"3":4,"4":4,"5":1,"6":1,"7":1,"8":1},"f":{"0":1,"1":1},"b":{"0":[1]}}
}
