TN:
SF:src/app.ts
FN:38,(anonymous_14)
FN:38,(anonymous_15)
FNF:2
FNH:2
FNDA:1,(anonymous_14)
FNDA:1,(anonymous_15)
DA:1,4
DA:2,4
DA:4,4
DA:6,4
DA:8,4
DA:9,4
DA:10,4
DA:11,4
DA:13,4
DA:19,4
DA:22,4
DA:24,4
DA:26,4
DA:31,4
DA:33,4
DA:34,4
DA:35,4
DA:36,4
DA:38,4
DA:39,1
DA:42,4
DA:44,4
LF:22
LH:22
BRF:0
BRH:0
end_of_record
TN:
SF:src/actions/orders/cancel-order.ts
FN:5,cancelOrder
FNF:1
FNH:1
FNDA:3,cancelOrder
DA:1,5
DA:2,5
DA:3,5
DA:5,5
DA:6,3
DA:11,6
DA:19,3
LF:7
LH:7
BRDA:6,0,0,3
BRF:1
BRH:1
end_of_record
TN:
SF:src/actions/orders/complete-order.ts
FN:5,completeOrder
FNF:1
FNH:1
FNDA:4,completeOrder
DA:1,1
DA:2,1
DA:3,1
DA:5,1
DA:6,4
DA:11,6
DA:13,3
LF:7
LH:7
BRDA:6,0,0,4
BRF:1
BRH:1
end_of_record
TN:
SF:src/actions/orders/create-order.ts
FN:9,createOrder
FNF:1
FNH:1
FNDA:7,createOrder
DA:1,4
DA:2,4
DA:3,4
DA:4,4
DA:7,4
DA:9,4
DA:10,7
DA:11,7
DA:16,7
DA:19,6
DA:21,6
DA:22,1
DA:27,5
DA:29,5
DA:31,5
DA:33,10
DA:45,5
LF:17
LH:17
BRDA:16,0,0,7
BRDA:21,1,0,1
BRF:2
BRH:2
end_of_record
TN:
SF:src/actions/orders/get-order.ts
FN:3,getOrder
FNF:1
FNH:1
FNDA:14,getOrder
DA:1,6
DA:3,6
DA:4,14
LF:3
LH:3
BRF:0
BRH:0
end_of_record
TN:
SF:src/actions/orders/get-orders.ts
FN:3,getOrders
FNF:1
FNH:1
FNDA:1,getOrders
DA:1,4
DA:3,4
DA:4,1
LF:3
LH:3
BRF:0
BRH:0
end_of_record
TN:
SF:src/actions/orders/handle-order-expired.ts
FN:5,handleOrderExpired
FNF:1
FNH:1
FNDA:5,handleOrderExpired
DA:1,1
DA:2,1
DA:3,1
DA:5,1
DA:6,5
DA:8,4
DA:9,0
DA:12,6
DA:13,4
DA:15,4
LF:10
LH:9
BRDA:6,0,0,5
BRDA:6,0,1,4
BRDA:8,1,0,0
BRDA:12,2,0,2
BRF:4
BRH:3
end_of_record
TN:
SF:src/actions/tickets/create-ticket.ts
FN:4,createTicket
FNF:1
FNH:1
FNDA:2,createTicket
DA:1,1
DA:4,1
DA:5,2
LF:3
LH:3
BRF:0
BRH:0
end_of_record
TN:
SF:src/actions/tickets/get-ticket.ts
FN:3,getTicket
FNF:1
FNH:1
FNDA:7,getTicket
DA:1,4
DA:3,4
DA:4,7
LF:3
LH:3
BRF:0
BRH:0
end_of_record
TN:
SF:src/actions/tickets/update-ticket.ts
FN:4,updateTicket
FNF:1
FNH:1
FNDA:4,updateTicket
DA:1,1
DA:4,1
DA:5,4
LF:3
LH:3
BRF:0
BRH:0
end_of_record
TN:
SF:src/db/db-actions/orders/create-order-in-db.ts
FN:4,createOrderInDb
FNF:1
FNH:1
FNDA:5,createOrderInDb
DA:1,4
DA:2,4
DA:4,5
DA:7,5
DA:9,5
DA:10,0
DA:14,5
DA:22,10
DA:24,5
LF:9
LH:8
BRDA:7,0,0,5
BRDA:9,1,0,0
BRF:2
BRH:1
end_of_record
TN:
SF:src/db/db-actions/orders/get-order-from-db.ts
FN:4,getOrderFromDb
FNF:1
FNH:1
FNDA:21,getOrderFromDb
DA:1,6
DA:2,6
DA:4,6
DA:5,21
DA:7,21
DA:8,6
DA:11,15
LF:7
LH:7
BRDA:5,0,0,21
BRDA:7,1,0,6
BRF:2
BRH:2
end_of_record
TN:
SF:src/db/db-actions/orders/get-orders-from-db.ts
FN:7,getOrdersFromDb
FNF:1
FNH:1
FNDA:1,getOrdersFromDb
DA:1,4
DA:7,4
DA:8,1
DA:11,1
LF:4
LH:4
BRDA:8,0,0,1
BRF:1
BRH:1
end_of_record
TN:
SF:src/db/db-actions/orders/update-order-in-db.ts
FN:3,updateOrderInDb
FNF:1
FNH:1
FNDA:7,updateOrderInDb
DA:1,6
DA:3,6
DA:4,7
DA:5,7
DA:10,7
DA:12,6
DA:14,12
DA:16,6
LF:8
LH:8
BRDA:10,0,0,7
BRF:1
BRH:1
end_of_record
TN:
SF:src/db/db-actions/tickets/create-ticket-in-db.ts
FN:4,createTicketInDb
FNF:1
FNH:1
FNDA:2,createTicketInDb
DA:2,1
DA:4,1
DA:6,2
DA:8,2
DA:11,4
DA:12,2
LF:6
LH:6
BRF:0
BRH:0
end_of_record
TN:
SF:src/db/db-actions/tickets/get-ticket-from-db.ts
FN:4,getTicketFromDb
FNF:1
FNH:1
FNDA:7,getTicketFromDb
DA:1,4
DA:2,4
DA:4,4
DA:6,7
DA:8,7
DA:9,1
DA:11,6
LF:7
LH:7
BRDA:6,0,0,7
BRDA:8,1,0,1
BRF:2
BRH:2
end_of_record
TN:
SF:src/db/db-actions/tickets/update-ticket-in-db.ts
FN:3,updateTicketInDb
FNF:1
FNH:1
FNDA:4,updateTicketInDb
DA:1,1
DA:3,1
DA:5,4
DA:7,4
DA:8,2
DA:10,2
DA:11,2
DA:12,4
DA:13,2
LF:9
LH:9
BRDA:5,0,0,4
BRDA:7,1,0,2
BRF:2
BRH:2
end_of_record
TN:
SF:src/db/models/index.ts
FNF:0
FNH:0
DA:1,8
DA:2,8
LF:2
LH:2
BRF:0
BRH:0
end_of_record
TN:
SF:src/db/models/order.ts
FN:9,(anonymous_1)
FN:51,(anonymous_2)
FN:62,(anonymous_3)
FNF:3
FNH:3
FNDA:22,(anonymous_1)
FNDA:9,(anonymous_2)
FNDA:18,(anonymous_3)
DA:1,8
DA:5,8
DA:7,8
DA:9,30
DA:30,8
DA:52,9
DA:53,9
DA:58,8
DA:60,8
DA:62,8
DA:63,18
DA:66,8
DA:68,8
LF:13
LH:13
BRF:0
BRH:0
end_of_record
TN:
SF:src/db/models/ticket.ts
FN:46,(anonymous_16)
FN:56,(anonymous_17)
FN:66,(anonymous_18)
FN:73,(anonymous_19)
FNF:4
FNH:4
FNDA:9,(anonymous_16)
FNDA:24,(anonymous_17)
FNDA:4,(anonymous_18)
FNDA:6,(anonymous_19)
DA:1,8
DA:3,8
DA:5,8
DA:34,8
DA:47,9
DA:48,9
DA:53,8
DA:54,8
DA:56,8
DA:57,24
DA:62,24
DA:63,24
DA:66,8
DA:67,4
DA:73,8
DA:80,6
DA:91,6
DA:94,8
LF:18
LH:18
BRDA:80,0,0,6
BRF:1
BRH:1
end_of_record
TN:
SF:src/event-bus/listeners/expiration-complete-listener.ts
FN:8,(anonymous_19)
FN:13,(anonymous_21)
FNF:2
FNH:2
FNDA:6,(anonymous_19)
FNDA:5,(anonymous_21)
DA:1,1
DA:5,1
DA:6,1
DA:8,5
DA:9,5
DA:11,5
DA:13,1
DA:14,5
DA:16,10
DA:18,4
DA:21,1
LF:11
LH:11
BRDA:8,0,0,5
BRDA:8,0,1,5
BRDA:8,0,2,5
BRF:3
BRH:3
end_of_record
TN:
SF:src/event-bus/listeners/payment-created-listener.ts
FN:10,(anonymous_19)
FN:15,(anonymous_21)
FNF:2
FNH:2
FNDA:5,(anonymous_19)
FNDA:4,(anonymous_21)
DA:1,1
DA:7,1
DA:8,1
DA:10,4
DA:11,4
DA:13,4
DA:15,1
DA:19,8
DA:20,3
DA:22,1
LF:10
LH:10
BRDA:10,0,0,4
BRDA:10,0,1,4
BRDA:10,0,2,4
BRDA:19,1,0,4
BRF:4
BRH:4
end_of_record
TN:
SF:src/event-bus/listeners/queue-group-name.ts
FNF:0
FNH:0
DA:1,4
LF:1
LH:1
BRF:0
BRH:0
end_of_record
TN:
SF:src/event-bus/listeners/ticket-created-listener.ts
FN:7,(anonymous_19)
FN:12,(anonymous_21)
FNF:2
FNH:2
FNDA:3,(anonymous_19)
FNDA:2,(anonymous_21)
DA:2,1
DA:4,1
DA:5,1
DA:7,2
DA:8,2
DA:10,2
DA:12,1
DA:13,4
DA:14,2
DA:16,1
LF:10
LH:10
BRDA:7,0,0,2
BRDA:7,0,1,2
BRDA:7,0,2,2
BRDA:13,1,0,2
BRF:4
BRH:4
end_of_record
TN:
SF:src/event-bus/listeners/ticket-updated-listener.ts
FN:7,(anonymous_19)
FN:12,(anonymous_21)
FNF:2
FNH:2
FNDA:5,(anonymous_19)
FNDA:4,(anonymous_21)
DA:2,1
DA:4,1
DA:5,1
DA:7,4
DA:8,4
DA:10,4
DA:12,1
DA:13,8
DA:15,2
DA:17,1
LF:10
LH:10
BRDA:7,0,0,4
BRDA:7,0,1,4
BRDA:7,0,2,4
BRDA:13,1,0,4
BRF:4
BRH:4
end_of_record
TN:
SF:src/event-bus/publishers/order-cancelled-publisher.ts
FN:4,(anonymous_6)
FN:16,publishOrderCancelled
FNF:2
FNH:2
FNDA:8,(anonymous_6)
FNDA:3,publishOrderCancelled
DA:1,5
DA:2,5
DA:4,5
DA:5,3
DA:6,5
DA:16,5
DA:17,3
DA:20,3
LF:8
LH:8
BRDA:4,0,0,3
BRDA:4,0,1,3
BRDA:4,0,2,3
BRF:3
BRH:3
end_of_record
TN:
SF:src/event-bus/publishers/order-completed-publisher.ts
FN:8,(anonymous_6)
FN:12,(anonymous_8)
FNF:2
FNH:2
FNDA:4,(anonymous_6)
FNDA:3,(anonymous_8)
DA:1,1
DA:6,1
DA:8,3
DA:9,3
DA:10,1
DA:12,1
DA:13,3
LF:7
LH:7
BRDA:8,0,0,3
BRDA:8,0,1,3
BRDA:8,0,2,3
BRF:3
BRH:3
end_of_record
TN:
SF:src/event-bus/publishers/order-created-publisher.ts
FN:4,(anonymous_6)
FN:20,publishOrderCreated
FNF:2
FNH:2
FNDA:9,(anonymous_6)
FNDA:5,publishOrderCreated
DA:1,4
DA:2,4
DA:4,5
DA:5,5
DA:6,4
DA:20,4
DA:22,5
LF:7
LH:7
BRDA:4,0,0,5
BRDA:4,0,1,5
BRDA:4,0,2,5
BRF:3
BRH:3
end_of_record
TN:
SF:src/routes/cancel-order.ts
FN:16,(anonymous_14)
FN:16,(anonymous_15)
FNF:2
FNH:2
FNDA:4,(anonymous_14)
FNDA:4,(anonymous_15)
DA:1,4
DA:3,4
DA:8,4
DA:9,4
DA:11,4
DA:13,4
DA:16,4
DA:17,4
DA:18,4
DA:20,2
DA:21,0
DA:24,2
DA:25,1
DA:28,1
DA:29,1
LF:15
LH:14
BRDA:20,0,0,0
BRDA:24,1,0,1
BRDA:24,2,0,0
BRDA:24,2,1,2
BRDA:24,3,0,2
BRDA:24,3,1,2
BRF:6
BRH:4
end_of_record
TN:
SF:src/routes/create-order.ts
FN:19,(anonymous_14)
FN:19,(anonymous_15)
FNF:2
FNH:2
FNDA:7,(anonymous_14)
FNDA:7,(anonymous_15)
DA:1,4
DA:2,4
DA:6,4
DA:10,4
DA:12,4
DA:14,4
DA:19,7
DA:21,7
DA:23,7
DA:25,5
LF:10
LH:10
BRF:0
BRH:0
end_of_record
TN:
SF:src/routes/get-order.ts
FN:13,(anonymous_14)
FN:13,(anonymous_15)
FNF:2
FNH:2
FNDA:4,(anonymous_14)
FNDA:4,(anonymous_15)
DA:1,4
DA:3,4
DA:9,4
DA:11,4
DA:13,4
DA:14,4
DA:16,4
DA:18,2
DA:19,1
DA:22,1
LF:10
LH:10
BRDA:18,0,0,1
BRF:1
BRH:1
end_of_record
TN:
SF:src/routes/get-orders.ts
FN:10,(anonymous_14)
FN:10,(anonymous_15)
FNF:2
FNH:2
FNDA:1,(anonymous_14)
FNDA:1,(anonymous_15)
DA:1,4
DA:3,4
DA:6,4
DA:8,4
DA:10,4
DA:11,1
DA:13,1
LF:7
LH:7
BRDA:11,0,0,1
BRF:1
BRH:1
end_of_record
